############################################################
# REGISTER FILE INFORMATION
#      Generated by genRF (Version 1.01) 08/25/2017 00:09:00
############################################################

  ADDRESS    RANGE      DEFAULT_VALUE
 -----------------------------------------------
 0x00(  0)  [23:0]   0xF84209 (0b_1111_1000_0100_0010_0000_1001)
 0x01(  1)  [23:0]   0x007F09 (0b_0000_0000_0111_1111_0000_1001)
 0x02(  2)  [15:0]   0x000100 (0b_0000_0000_0000_0001_0000_0000)
 0x03(  3)  [23:0]   0x0FA031 (0b_0000_1111_1010_0000_0011_0001)
 0x04(  4)  [23:0]   0x3E83E8 (0b_0011_1110_1000_0011_1110_1000)
 0x05(  5)  [19:0]   0x0007CF (0b_0000_0000_0000_0111_1100_1111)
 0x06(  6)  [16:0]   0x001F3F (0b_0000_0000_0001_1111_0011_1111)
 0x07(  7)  [12:0]   # --- LAYER-CTRL ONLY --- #
 0x08(  8)  [17:0]   # --- LAYER-CTRL ONLY --- #
 0x09(  9)  [18:0]   # --- LAYER-CTRL ONLY --- #
 0x0A( 10)  [ 4:0]   0x00001E (0b_0000_0000_0000_0000_0001_1110)
 0x0B( 11)           # --- EMPTY --- #
 0x0C( 12)  [ 3:0]   0x000001 (0b_0000_0000_0000_0000_0000_0001)
 0x0D( 13)  [19:0]   0x0FFFFF (0b_0000_1111_1111_1111_1111_1111)
 0x0E( 14)  [12:0]   0x000000 (0b_0000_0000_0000_0000_0000_0000)
 0x0F( 15)  [15:0]   0x001000 (0b_0000_0000_0001_0000_0000_0000)
 0x10( 16)  [22:0]   0x000000 (0b_0000_0000_0000_0000_0000_0000)
 0x11( 17)  [ 5:0]   0x00002E (0b_0000_0000_0000_0000_0010_1110)
 0x12( 18)  [ 6:0]   0x000000 (0b_0000_0000_0000_0000_0000_0000)
 0x13( 19)  [19:0]   # --- LAYER-CTRL ONLY --- #
 0x14( 20)  [ 4:0]   0x000001 (0b_0000_0000_0000_0000_0000_0001)
 0x15( 21)  [17:0]   0x000000 (0b_0000_0000_0000_0000_0000_0000)
 0x16( 22)  [18:0]   # --- LAYER-CTRL ONLY --- #
 0x17( 23)  [23:0]   # --- LAYER-CTRL ONLY --- #
 0x18( 24)  [ 5:0]   0x000031 (0b_0000_0000_0000_0000_0011_0001)
 0x19( 25)  [11:0]   0x000C03 (0b_0000_0000_0000_1100_0000_0011)
 0x1A( 26)           # --- EMPTY --- #
 0x1B( 27)  [ 7:0]   # --- READ-ONLY --- #
 0x1C( 28)           # --- EMPTY --- #
 0x1D( 29)           # --- EMPTY --- #
 0x1E( 30)  [23:0]   # --- READ-ONLY --- #
 0x1F( 31)  [ 0:0]   0x000001 (0b_0000_0000_0000_0000_0000_0001)
 0x20( 32)  [14:0]   0x001087 (0b_0000_0000_0001_0000_1000_0111)
 0x21( 33)  [14:0]   0x001084 (0b_0000_0000_0001_0000_1000_0100)
 0x22( 34)  [ 9:0]   0x0000E7 (0b_0000_0000_0000_0000_1110_0111)
 0x23( 35)  [19:0]   0x008C67 (0b_0000_0000_1000_1100_0110_0111)
 0x24( 36)  [14:0]   0x001CE1 (0b_0000_0000_0001_1100_1110_0001)
 0x25( 37)           # --- EMPTY --- #
 0x26( 38)  [19:0]   0x0D7788 (0b_0000_1101_0111_0111_1000_1000)
 0x27( 39)  [20:0]   0x011BC8 (0b_0000_0001_0001_1011_1100_1000)
 0x28( 40)  [ 9:0]   0x0000E7 (0b_0000_0000_0000_0000_1110_0111)
 0x29( 41)           # --- EMPTY --- #
 0x2A( 42)  [ 5:0]   0x000002 (0b_0000_0000_0000_0000_0000_0010)
 0x2B( 43)           # --- EMPTY --- #
 0x2C( 44)           # --- EMPTY --- #
 0x2D( 45)           # --- EMPTY --- #
 0x2E( 46)           # --- EMPTY --- #
 0x2F( 47)           # --- EMPTY --- #
 0x30( 48)  [23:0]   0xF00000 (0b_1111_0000_0000_0000_0000_0000)
 0x31( 49)  [23:0]   0x000000 (0b_0000_0000_0000_0000_0000_0000)
 0x32( 50)  [23:0]   0xC01FFF (0b_1100_0000_0001_1111_1111_1111)
 0x33( 51)  [12:0]   0x000000 (0b_0000_0000_0000_0000_0000_0000)
 0x34( 52)  [23:0]   0xF00000 (0b_1111_0000_0000_0000_0000_0000)
 0x35( 53)  [23:0]   0x000000 (0b_0000_0000_0000_0000_0000_0000)
 0x36( 54)  [23:0]   0xC01FFF (0b_1100_0000_0001_1111_1111_1111)
 0x37( 55)  [12:0]   0x000000 (0b_0000_0000_0000_0000_0000_0000)
 0x38( 56)           # --- EMPTY --- #
 0x39( 57)           # --- EMPTY --- #
 0x3A( 58)  [23:0]   0x800000 (0b_1000_0000_0000_0000_0000_0000)
 0x3B( 59)           # --- EMPTY --- #
 0x3C( 60)           # --- EMPTY --- #
 0x3D( 61)           # --- EMPTY --- #
 0x3E( 62)           # --- EMPTY --- #
 0x3F( 63)           # --- EMPTY --- #
 0x40( 64)           # --- EMPTY --- #
 0x41( 65)           # --- EMPTY --- #
 0x42( 66)           # --- EMPTY --- #
 0x43( 67)           # --- EMPTY --- #
 0x44( 68)           # --- EMPTY --- #
 0x45( 69)           # --- EMPTY --- #
 0x46( 70)           # --- EMPTY --- #
 0x47( 71)  [23:0]   0x000000 (0b_0000_0000_0000_0000_0000_0000)


### REGISTER 0x00 (0):
    [23:19]   5'h1F      W/R  Tcyc_read	#Default: ~30us
    [18:13]   6'h02      W/R  T3us	#Default: ~3us
    [12: 7]   6'h04      W/R  T5us	#Default: ~5us
    [ 6: 0]   7'h09      W/R  T10us	#Default: ~10us

### REGISTER 0x01 (1):
    [23: 8]  16'h007F    W/R  Tcyc_prog	#Default: ~128us
    [ 7: 0]   8'h09      W/R  Tprog	#Default: ~10us

### REGISTER 0x02 (2):
    [15: 0]  16'h0100    W/R  Terase	#Default: ~256us

### REGISTER 0x03 (3):
    [23:10]  14'h03E8    W/R  Thvcp_en	#Default: ~1ms
    [ 9: 0]  10'h031     W/R  Tben	#Default: ~50us

### REGISTER 0x04 (4):
    [23:12]  12'h3E8     W/R  Tmvcp_en	#Default: ~1ms
    [11: 0]  12'h3E8     W/R  Tsc_en	#Default: ~1ms

### REGISTER 0x05 (5):
    [19: 0]  20'h007CF   W/R  Tcap	#Default: ~2ms

### REGISTER 0x06 (6):
    [16: 0]  17'h01F3F   W/R  Tvref	#Default: ~8ms

### REGISTER 0x07 (7):
    [12: 0]  13'h0000    LC   SRAM_START_ADDR

### REGISTER 0x08 (8):
    [17: 0]  18'h00000   LC   FLSH_START_ADDR

### REGISTER 0x09 (9):
    [18: 6]  13'h0000    LC   LENGTH
    [ 5]      1'h0       LC   IRQ_EN
    [ 4: 1]   4'h0       LC   CMD
    [ 0]      1'h0       LC   GO

### REGISTER 0x0A (10):
    [ 4]      1'h1       W/R  VREF_SLEEP
    [ 3]      1'h1       W/R  COMP_SLEEP
    [ 2]      1'h1       W/R  COMP_CLKENB (INVERTED: COMP_CLKEN)
    [ 1]      1'h1       W/R  COMP_ISOL
    [ 0]    #NOT-DEFINED

### REGISTER 0x0B (11):
    # --- EMPTY --- #

### REGISTER 0x0C (12):
    [ 3]      1'h0       W/R  WRAP_EXT
    [ 2]      1'h0       W/R  UPDATE_ADDR_EXT
    [ 1: 0]   2'h1       W/R  BIT_EN_EXT

### REGISTER 0x0D (13):
    [19: 0]  20'hFFFFF   W/R  TIMEOUT_EXT	#0 means no time-limit

### REGISTER 0x0E (14):
    [12: 0]  13'h0000    W/R  SRAM_START_ADDR_EXT	#will be updated at the end of Ext Streaming

### REGISTER 0x0F (15):
    [15: 8]   8'h10      W/R  INT_RPLY_SHORT_ADDR
    [ 7: 0]   8'h00      W/R  INT_RPLY_REG_ADDR

### REGISTER 0x10 (16):
    [22]      1'h0       W/R  BOOT_FLAG_SLEEP
    [21]      1'h0       W/R  BOOT_FLAG_ECC_ERROR
    [20]      1'h0       W/R  BOOT_FLAG_WRONG_HEADER
    [19]      1'h0       W/R  BOOT_FLAG_PWDN
    [18]      1'h0       W/R  BOOT_FLAG_INVALID_CMND
    [17]      1'h0       W/R  BOOT_FLAG_CHKSUM_ERROR
    [16]      1'h0       W/R  BOOT_FLAG_SUCCESS
    [15]    #NOT-DEFINED
    [14]    #NOT-DEFINED
    [13]    #NOT-DEFINED
    [12]    #NOT-DEFINED
    [11]    #NOT-DEFINED
    [10]    #NOT-DEFINED
    [ 9]    #NOT-DEFINED
    [ 8]    #NOT-DEFINED
    [ 7]    #NOT-DEFINED
    [ 6]    #NOT-DEFINED
    [ 5]    #NOT-DEFINED
    [ 4]    #NOT-DEFINED
    [ 3]    #NOT-DEFINED
    [ 2]    #NOT-DEFINED
    [ 1: 0]   2'h0       W/R  BOOT_REG_PATTERN

### REGISTER 0x11 (17):
    [ 5]      1'h1       W/R  FLASH_POWER_DO_VREFCOMP
    [ 4]    #NOT-DEFINED
    [ 3]      1'h1       W/R  FLASH_POWER_DO_FLSH
    [ 2]      1'h1       W/R  FLASH_POWER_IRQ_EN
    [ 1]      1'h1       W/R  FLASH_POWER_SEL_ON	#1: Turn-On, 0: Turn-Off
    [ 0]      1'h0       W/R  FLASH_POWER_GO

### REGISTER 0x12 (18):
    [ 6]      1'h0       W/R  IRQ_PWR_ON_WUP	#If 1, FSM will sends an IRQ when it's powering up the flash upon wake-up
    [ 5: 3]   3'h0       W/R  SEL_PWR_ON_WUP	#0: disable, 1: vclmt, 2: vclmt/lcap, 3: vclmt/flsh, 4: vclmt/flsh/lcap
    [ 2]      1'h0       W/R  FLASH_AUTO_USE_CUSTOM	#If 1, Flash Auto-On/Off will use the setting in FLASH_POWER_DO_X
    [ 1]      1'h0       W/R  FLASH_AUTO_OFF	#If 1, FSM will turn off Flash once finishing a GO operation or ping-pong streaming
    [ 0]      1'h0       W/R  FLASH_AUTO_ON	#If 1, FSM will turn on Flash before starting a GO operation

### REGISTER 0x13 (19):
    [19: 1]  19'h00000   LC   PP_STR_LIMIT	#Limit the number of words streamed. 0 means no-limit.
    [ 0]      1'h0       LC   PP_STR_EN	#Ping-Pong Straming Enable

### REGISTER 0x14 (20):
    [ 4]      1'h0       W/R  PP_NO_ERR_DETECTION	#If 1, it does not detect buffer_overrun error. Other errors can be stil detected, though.
    [ 3]      1'h0       W/R  PP_USE_FAST_PROG	#If 1, hold flsh_prog and flsh_nvstr during the whole page program
    [ 2]      1'h0       W/R  PP_WRAP	#If 1, PP_FLSH_ADDR will wrap around
    [ 1: 0]   2'h1       W/R  PP_BIT_EN_EXT

### REGISTER 0x15 (21):
    [17: 0]  18'h00000   W/R  PP_FLSH_ADDR

### REGISTER 0x16 (22):
    [18: 0]  19'h00000   LC   PP_LENGTH_STREAMED	#Number of words received during Ping-Pong Streaming

### REGISTER 0x17 (23):
    [23]      1'h0       LC   PP_FLAG_END_OF_FLASH
    [22]      1'h0       LC   PP_FLAG_STR_LIMIT
    [21]      1'h0       LC   PP_FLAG_COPY_LIMIT
    [20]    #NOT-DEFINED
    [19]    #NOT-DEFINED
    [18: 0]  19'h00000   LC   PP_LENGTH_COPIED	#Number of words copied to Flash during Ping-Pong Streaming

### REGISTER 0x18 (24):
    [ 5: 2]   4'hC       W/R  CLK_RING_SEL
    [ 1: 0]   2'h1       W/R  CLK_DIV_SEL

### REGISTER 0x19 (25):
    [11]      1'h1       W/R  DISABLE_BYPASS_MIRROR
    [10: 7]   4'h8       W/R  COMP_CTRL_I_1STG
    [ 6: 3]   4'h0       W/R  COMP_CTRL_I_2STG_BAR
    [ 2: 0]   3'h3       W/R  COMP_CTRL_VOUT

### REGISTER 0x1A (26):
    # --- EMPTY --- #

### REGISTER 0x1B (27):
    [ 7: 0]   8'h00       R   IRQ_PAYLOAD

### REGISTER 0x1C (28):
    # --- EMPTY --- #

### REGISTER 0x1D (29):
    # --- EMPTY --- #

### REGISTER 0x1E (30):
    [23: 0]  24'h000000   R   FLS2LC_REG_WR_DATA

### REGISTER 0x1F (31):
    [ 0]      1'h1       W/R  FORCE_RESETN	#If 0, FLPv3L_CTRL will be immediately reset (Asynchronous). Release of RESET does not do anything regardless of SEL_PWR_ON_WUP setting

### REGISTER 0x20 (32):
    [14:10]   5'h04      W/R  FLSH_SET0
    [ 9: 5]   5'h04      W/R  FLSH_SET1
    [ 4: 0]   5'h07      W/R  FLSH_SNT

### REGISTER 0x21 (33):
    [14:10]   5'h04      W/R  FLSH_SPT0
    [ 9: 5]   5'h04      W/R  FLSH_SPT1
    [ 4: 0]   5'h04      W/R  FLSH_SPT2

### REGISTER 0x22 (34):
    [ 9: 5]   5'h07      W/R  FLSH_SYT0
    [ 4: 0]   5'h07      W/R  FLSH_SYT1

### REGISTER 0x23 (35):
    [19:15]   5'h01      W/R  FLSH_SRT0
    [14:10]   5'h03      W/R  FLSH_SRT1
    [ 9: 5]   5'h03      W/R  FLSH_SRT2
    [ 4: 0]   5'h07      W/R  FLSH_SRT3

### REGISTER 0x24 (36):
    [14:10]   5'h07      W/R  FLSH_SRT4
    [ 9: 5]   5'h07      W/R  FLSH_SRT5
    [ 4: 0]   5'h01      W/R  FLSH_SRT6

### REGISTER 0x25 (37):
    # --- EMPTY --- #

### REGISTER 0x26 (38):
    [19:16]   4'hD       W/R  FLSH_SPIG
    [15:12]   4'h7       W/R  FLSH_SRIG
    [11: 8]   4'h7       W/R  FLSH_SVR0
    [ 7: 4]   4'h8       W/R  FLSH_SVR1
    [ 3: 0]   4'h8       W/R  FLSH_SVR2

### REGISTER 0x27 (39):
    [20:16]   5'h01      W/R  FLSH_SHVE
    [15:11]   5'h03      W/R  FLSH_SHVP
    [10: 6]   5'h0F      W/R  FLSH_SHVCT
    [ 5: 0]   6'h08      W/R  FLSH_SMV

### REGISTER 0x28 (40):
    [ 9: 5]   5'h07      W/R  FLSH_SMVCT0
    [ 4: 0]   5'h07      W/R  FLSH_SMVCT1

### REGISTER 0x29 (41):
    # --- EMPTY --- #

### REGISTER 0x2A (42):
    [ 5: 0]   6'h02      W/R  FLSH_SAB

### REGISTER 0x2B (43):
    # --- EMPTY --- #

### REGISTER 0x2C (44):
    # --- EMPTY --- #

### REGISTER 0x2D (45):
    # --- EMPTY --- #

### REGISTER 0x2E (46):
    # --- EMPTY --- #

### REGISTER 0x2F (47):
    # --- EMPTY --- #

### REGISTER 0x30 (48):
    [23:16]   8'hF0      W/R  STR_WR_CH1_ALT_ADDR	#Alert is suppressed by default
    [15]    #NOT-DEFINED
    [14]    #NOT-DEFINED
    [13]    #NOT-DEFINED
    [12]    #NOT-DEFINED
    [11]    #NOT-DEFINED
    [10]    #NOT-DEFINED
    [ 9]    #NOT-DEFINED
    [ 8]    #NOT-DEFINED
    [ 7]    #NOT-DEFINED
    [ 6]    #NOT-DEFINED
    [ 5]    #NOT-DEFINED
    [ 4]    #NOT-DEFINED
    [ 3]    #NOT-DEFINED
    [ 2]    #NOT-DEFINED
    [ 1]    #NOT-DEFINED
    [ 0]    #NOT-DEFINED

### REGISTER 0x31 (49):
    [23:16]   8'h00      W/R  STR_WR_CH1_ALT_REG_WR
    [15]    #NOT-DEFINED
    [14]    #NOT-DEFINED
    [13]    #NOT-DEFINED
    [12]    #NOT-DEFINED
    [11]    #NOT-DEFINED
    [10]    #NOT-DEFINED
    [ 9]    #NOT-DEFINED
    [ 8]    #NOT-DEFINED
    [ 7]    #NOT-DEFINED
    [ 6]    #NOT-DEFINED
    [ 5]    #NOT-DEFINED
    [ 4]    #NOT-DEFINED
    [ 3]    #NOT-DEFINED
    [ 2]    #NOT-DEFINED
    [ 1]    #NOT-DEFINED
    [ 0]    #NOT-DEFINED

### REGISTER 0x32 (50):
    [23]      1'h1       W/R  STR_WR_CH1_EN	#Streaming is enabled by default
    [22]      1'h1       W/R  STR_WR_CH1_WRP	#Wrapping is enabled by default
    [21]      1'h0       W/R  STR_WR_CH1_DBLB	#Double Buffer is disabled by default
    [20]    #NOT-DEFINED
    [19]    #NOT-DEFINED
    [18]    #NOT-DEFINED
    [17]    #NOT-DEFINED
    [16]    #NOT-DEFINED
    [15]    #NOT-DEFINED
    [14]    #NOT-DEFINED
    [13]    #NOT-DEFINED
    [12: 0]  13'h1FFF    W/R  STR_WR_CH1_BUF_LEN	#32kB = 8192 Words = (0x1FFF + 1)

### REGISTER 0x33 (51):
    [12: 0]  13'h0000    W/R  STR_WR_CH1_BUF_OFF

### REGISTER 0x34 (52):
    [23:16]   8'hF0      W/R  STR_WR_CH0_ALT_ADDR	#Alert is suppressed by default
    [15]    #NOT-DEFINED
    [14]    #NOT-DEFINED
    [13]    #NOT-DEFINED
    [12]    #NOT-DEFINED
    [11]    #NOT-DEFINED
    [10]    #NOT-DEFINED
    [ 9]    #NOT-DEFINED
    [ 8]    #NOT-DEFINED
    [ 7]    #NOT-DEFINED
    [ 6]    #NOT-DEFINED
    [ 5]    #NOT-DEFINED
    [ 4]    #NOT-DEFINED
    [ 3]    #NOT-DEFINED
    [ 2]    #NOT-DEFINED
    [ 1]    #NOT-DEFINED
    [ 0]    #NOT-DEFINED

### REGISTER 0x35 (53):
    [23:16]   8'h00      W/R  STR_WR_CH0_ALT_REG_WR
    [15]    #NOT-DEFINED
    [14]    #NOT-DEFINED
    [13]    #NOT-DEFINED
    [12]    #NOT-DEFINED
    [11]    #NOT-DEFINED
    [10]    #NOT-DEFINED
    [ 9]    #NOT-DEFINED
    [ 8]    #NOT-DEFINED
    [ 7]    #NOT-DEFINED
    [ 6]    #NOT-DEFINED
    [ 5]    #NOT-DEFINED
    [ 4]    #NOT-DEFINED
    [ 3]    #NOT-DEFINED
    [ 2]    #NOT-DEFINED
    [ 1]    #NOT-DEFINED
    [ 0]    #NOT-DEFINED

### REGISTER 0x36 (54):
    [23]      1'h1       W/R  STR_WR_CH0_EN	#Streaming is enabled by default
    [22]      1'h1       W/R  STR_WR_CH0_WRP	#Wrapping is enabled by default
    [21]      1'h0       W/R  STR_WR_CH0_DBLB	#Double Buffer is disabled by default
    [20]    #NOT-DEFINED
    [19]    #NOT-DEFINED
    [18]    #NOT-DEFINED
    [17]    #NOT-DEFINED
    [16]    #NOT-DEFINED
    [15]    #NOT-DEFINED
    [14]    #NOT-DEFINED
    [13]    #NOT-DEFINED
    [12: 0]  13'h1FFF    W/R  STR_WR_CH0_BUF_LEN	#32kB = 8192 Words = (0x1FFF + 1)

### REGISTER 0x37 (55):
    [12: 0]  13'h0000    W/R  STR_WR_CH0_BUF_OFF

### REGISTER 0x38 (56):
    # --- EMPTY --- #

### REGISTER 0x39 (57):
    # --- EMPTY --- #

### REGISTER 0x3A (58):
    [23]      1'h1       W/R  BLK_WR_EN
    [22]    #NOT-DEFINED
    [21]    #NOT-DEFINED
    [20]    #NOT-DEFINED
    [19]    #NOT-DEFINED
    [18]    #NOT-DEFINED
    [17]    #NOT-DEFINED
    [16]    #NOT-DEFINED
    [15]    #NOT-DEFINED
    [14]    #NOT-DEFINED
    [13]    #NOT-DEFINED
    [12]    #NOT-DEFINED
    [11]    #NOT-DEFINED
    [10]    #NOT-DEFINED
    [ 9]    #NOT-DEFINED
    [ 8]    #NOT-DEFINED
    [ 7]    #NOT-DEFINED
    [ 6]    #NOT-DEFINED
    [ 5]    #NOT-DEFINED
    [ 4]    #NOT-DEFINED
    [ 3]    #NOT-DEFINED
    [ 2]    #NOT-DEFINED
    [ 1]    #NOT-DEFINED
    [ 0]    #NOT-DEFINED

### REGISTER 0x3B (59):
    # --- EMPTY --- #

### REGISTER 0x3C (60):
    # --- EMPTY --- #

### REGISTER 0x3D (61):
    # --- EMPTY --- #

### REGISTER 0x3E (62):
    # --- EMPTY --- #

### REGISTER 0x3F (63):
    # --- EMPTY --- #

### REGISTER 0x40 (64):
    # --- EMPTY --- #

### REGISTER 0x41 (65):
    # --- EMPTY --- #

### REGISTER 0x42 (66):
    # --- EMPTY --- #

### REGISTER 0x43 (67):
    # --- EMPTY --- #

### REGISTER 0x44 (68):
    # --- EMPTY --- #

### REGISTER 0x45 (69):
    # --- EMPTY --- #

### REGISTER 0x46 (70):
    # --- EMPTY --- #

### REGISTER 0x47 (71):
    [23]      1'h0       W/R  ACT_RST
    [22]    #NOT-DEFINED
    [21]    #NOT-DEFINED
    [20]    #NOT-DEFINED
    [19]    #NOT-DEFINED
    [18]    #NOT-DEFINED
    [17]    #NOT-DEFINED
    [16]    #NOT-DEFINED
    [15]    #NOT-DEFINED
    [14]    #NOT-DEFINED
    [13]    #NOT-DEFINED
    [12]    #NOT-DEFINED
    [11]    #NOT-DEFINED
    [10]    #NOT-DEFINED
    [ 9]    #NOT-DEFINED
    [ 8]    #NOT-DEFINED
    [ 7]    #NOT-DEFINED
    [ 6]    #NOT-DEFINED
    [ 5]    #NOT-DEFINED
    [ 4]    #NOT-DEFINED
    [ 3]    #NOT-DEFINED
    [ 2]    #NOT-DEFINED
    [ 1]    #NOT-DEFINED
    [ 0]    #NOT-DEFINED

